0 info it worked if it ends with ok
1 verbose cli [ 'D:\\jkqu\\nodejs\\node.exe',
1 verbose cli   'D:\\jkqu\\nodejs\\node_modules\\npm\\bin\\npm-cli.js',
1 verbose cli   'start' ]
2 info using npm@3.10.10
3 info using node@v6.10.3
4 verbose run-script [ 'prestart', 'start', 'poststart' ]
5 info lifecycle lesson1@1.0.0~prestart: lesson1@1.0.0
6 silly lifecycle lesson1@1.0.0~prestart: no script for prestart, continuing
7 info lifecycle lesson1@1.0.0~start: lesson1@1.0.0
8 verbose lifecycle lesson1@1.0.0~start: unsafe-perm in lifecycle true
9 verbose lifecycle lesson1@1.0.0~start: PATH: D:\jkqu\nvm\v6.10.3\node_modules\npm\bin\node-gyp-bin;D:\Users\jkqu\myProjects\webpackLesson\lesson2\node_modules\.bin;C:\Ruby23-x64\bin;C:\ProgramData\Oracle\Java\javapath;C:\Windows\system32;C:\Windows;C:\Windows\System32\Wbem;C:\Windows\System32\WindowsPowerShell\v1.0\;C:\Program Files (x86)\Microsoft SQL Server\110\Tools\Binn\ManagementStudio\;C:\Program Files (x86)\Microsoft SQL Server\110\Tools\Binn\;C:\Program Files\Microsoft SQL Server\110\Tools\Binn\;C:\Program Files (x86)\Microsoft SQL Server\110\DTS\Binn\;C:\Program Files\Java\jdk1.7.0_60\bin;C:\Program Files\Java\jdk1.7.0_60\jre\bin;C:\JAVA\apache-maven-3.3.9\bin;C:\Program Files\Git\cmd;C:\Program Files\Microsoft\Web Platform Installer\;D:\jkqu\nvm;D:\jkqu\nodejs;
10 verbose lifecycle lesson1@1.0.0~start: CWD: D:\Users\jkqu\myProjects\webpackLesson\lesson2
11 silly lifecycle lesson1@1.0.0~start: Args: [ '/d /s /c', 'webpack-dev-server' ]
12 silly lifecycle lesson1@1.0.0~start: Returned: code: 3221225786  signal: null
13 info lifecycle lesson1@1.0.0~start: Failed to exec start script
14 verbose stack Error: lesson1@1.0.0 start: `webpack-dev-server`
14 verbose stack Exit status 3221225786
14 verbose stack     at EventEmitter.<anonymous> (D:\jkqu\nvm\v6.10.3\node_modules\npm\lib\utils\lifecycle.js:255:16)
14 verbose stack     at emitTwo (events.js:106:13)
14 verbose stack     at EventEmitter.emit (events.js:191:7)
14 verbose stack     at ChildProcess.<anonymous> (D:\jkqu\nvm\v6.10.3\node_modules\npm\lib\utils\spawn.js:40:14)
14 verbose stack     at emitTwo (events.js:106:13)
14 verbose stack     at ChildProcess.emit (events.js:191:7)
14 verbose stack     at maybeClose (internal/child_process.js:886:16)
14 verbose stack     at Process.ChildProcess._handle.onexit (internal/child_process.js:226:5)
15 verbose pkgid lesson1@1.0.0
16 verbose cwd D:\Users\jkqu\myProjects\webpackLesson\lesson2
17 error Windows_NT 6.1.7601
18 error argv "D:\\jkqu\\nodejs\\node.exe" "D:\\jkqu\\nodejs\\node_modules\\npm\\bin\\npm-cli.js" "start"
19 error node v6.10.3
20 error npm  v3.10.10
21 error code ELIFECYCLE
22 error lesson1@1.0.0 start: `webpack-dev-server`
22 error Exit status 3221225786
23 error Failed at the lesson1@1.0.0 start script 'webpack-dev-server'.
23 error Make sure you have the latest version of node.js and npm installed.
23 error If you do, this is most likely a problem with the lesson1 package,
23 error not with npm itself.
23 error Tell the author that this fails on your system:
23 error     webpack-dev-server
23 error You can get information on how to open an issue for this project with:
23 error     npm bugs lesson1
23 error Or if that isn't available, you can get their info via:
23 error     npm owner ls lesson1
23 error There is likely additional logging output above.
24 verbose exit [ 1, true ]
