0 info it worked if it ends with ok
1 verbose cli [ 'D:\\jkqu\\nodejs\\node.exe',
1 verbose cli   'D:\\jkqu\\nodejs\\node_modules\\npm\\bin\\npm-cli.js',
1 verbose cli   'run',
1 verbose cli   'start' ]
2 info using npm@3.10.10
3 info using node@v6.10.3
4 verbose run-script [ 'prestart', 'start', 'poststart' ]
5 info lifecycle lesson1@1.0.0~prestart: lesson1@1.0.0
6 silly lifecycle lesson1@1.0.0~prestart: no script for prestart, continuing
7 info lifecycle lesson1@1.0.0~start: lesson1@1.0.0
8 verbose lifecycle lesson1@1.0.0~start: unsafe-perm in lifecycle true
9 verbose lifecycle lesson1@1.0.0~start: PATH: D:\jkqu\nvm\v6.10.3\node_modules\npm\bin\node-gyp-bin;D:\Users\jkqu\myProjects\webpackLesson\lesson3\node_modules\.bin;C:\Ruby23-x64\bin;C:\ProgramData\Oracle\Java\javapath;C:\Windows\system32;C:\Windows;C:\Windows\System32\Wbem;C:\Windows\System32\WindowsPowerShell\v1.0\;C:\Program Files (x86)\Microsoft SQL Server\110\Tools\Binn\ManagementStudio\;C:\Program Files (x86)\Microsoft SQL Server\110\Tools\Binn\;C:\Program Files\Microsoft SQL Server\110\Tools\Binn\;C:\Program Files (x86)\Microsoft SQL Server\110\DTS\Binn\;C:\Program Files\Java\jdk1.7.0_60\bin;C:\Program Files\Java\jdk1.7.0_60\jre\bin;C:\JAVA\apache-maven-3.3.9\bin;C:\Program Files\Git\cmd;C:\Program Files\Microsoft\Web Platform Installer\;D:\jkqu\nvm;D:\jkqu\nodejs;
10 verbose lifecycle lesson1@1.0.0~start: CWD: D:\Users\jkqu\myProjects\webpackLesson\lesson3
11 silly lifecycle lesson1@1.0.0~start: Args: [ '/d /s /c', 'SET NODE_ENV=development && webpack-dev-server' ]
12 verbose stack Error: kill ENOSYS
12 verbose stack     at exports._errnoException (util.js:1018:11)
12 verbose stack     at process.kill (internal/process.js:190:13)
12 verbose stack     at process.listener (D:\jkqu\nvm\v6.10.3\node_modules\npm\node_modules\npmlog\node_modules\gauge\node_modules\signal-exit\index.js:86:15)
12 verbose stack     at emitNone (events.js:91:20)
12 verbose stack     at process.emit (events.js:185:7)
12 verbose stack     at processEmit (D:\jkqu\nvm\v6.10.3\node_modules\npm\node_modules\npmlog\node_modules\gauge\node_modules\signal-exit\index.js:146:32)
12 verbose stack     at processEmit (D:\jkqu\nvm\v6.10.3\node_modules\npm\node_modules\npm-registry-client\node_modules\npmlog\node_modules\gauge\node_modules\signal-exit\index.js:146:32)
12 verbose stack     at Signal.wrap.onsignal (internal/process.js:217:44)
13 verbose cwd D:\Users\jkqu\myProjects\webpackLesson\lesson3
14 error Windows_NT 6.1.7601
15 error argv "D:\\jkqu\\nodejs\\node.exe" "D:\\jkqu\\nodejs\\node_modules\\npm\\bin\\npm-cli.js" "run" "start"
16 error node v6.10.3
17 error npm  v3.10.10
18 error code ENOSYS
19 error errno ENOSYS
20 error syscall kill
21 error kill ENOSYS
22 error If you need help, you may report this error at:
22 error     <https://github.com/npm/npm/issues>
23 verbose exit [ 1, true ]
